
Nov 01, 2018 18:53:57.62 NEW SESSION
Nov 01, 2018 18:53:57.62 [4948:2052:1101/185357.623:ERROR:input_method_base.cc(146)] NOT IMPLEMENTEDUsing InputMethodKeyboardControllerStub
Nov 01, 2018 18:57:47.84 [4948:2052:1101/185747.846:ERROR:http_bridge.cc(126)] NOT IMPLEMENTED
Nov 01, 2018 19:00:28.20 [5704:5700:1101/190028.202:ERROR:input_method_base.cc(146)] NOT IMPLEMENTEDUsing InputMethodKeyboardControllerStub
Nov 01, 2018 19:00:35.65 [5704:5700:1101/190035.654:ERROR:http_bridge.cc(126)] NOT IMPLEMENTED
Nov 01, 2018 19:05:17.82 [3596:4388:1101/190517.827:ERROR:input_method_base.cc(146)] NOT IMPLEMENTEDUsing InputMethodKeyboardControllerStub
Nov 01, 2018 19:14:39.10 [3596:4388:1101/191439.104:ERROR:http_bridge.cc(126)] NOT IMPLEMENTED
Nov 01, 2018 19:21:51.54 [6132:5344:1101/192151.547:ERROR:input_method_base.cc(146)] NOT IMPLEMENTEDUsing InputMethodKeyboardControllerStub
Nov 01, 2018 19:22:53.90 [6132:5344:1101/192253.907:ERROR:http_bridge.cc(126)] NOT IMPLEMENTED
Nov 01, 2018 19:23:36.29 [5812:5808:1101/192336.293:ERROR:input_method_base.cc(146)] NOT IMPLEMENTEDUsing InputMethodKeyboardControllerStub
Nov 01, 2018 20:21:23.88 [5812:5808:1101/202123.882:ERROR:http_bridge.cc(126)] NOT IMPLEMENTED

Nov 06, 2018 16:48:47.30 NEW SESSION
Nov 06, 2018 16:48:47.30 [4416:1724:1106/164847.305:ERROR:input_method_base.cc(146)] NOT IMPLEMENTEDUsing InputMethodKeyboardControllerStub
Nov 06, 2018 17:13:16.22 [4416:1724:1106/171316.228:ERROR:CONSOLE(219)] "Failed to execute 'postMessage' on 'DOMWindow': The target origin provided ('https://www.facebook.com') does not match the recipient window's origin ('https://www.google.com.vn').", source: chrome-search://most-visited/single.js (219)

Nov 06, 2018 18:57:39.45 NEW SESSION
Nov 06, 2018 18:57:39.45 [4636:5016:1106/185739.454:ERROR:input_method_base.cc(146)] NOT IMPLEMENTEDUsing InputMethodKeyboardControllerStub
Nov 06, 2018 20:20:17.65 [4636:5016:1106/202017.656:ERROR:http_bridge.cc(126)] NOT IMPLEMENTED

Jan 17, 2019 18:17:27.12 NEW SESSION
Jan 17, 2019 18:17:27.12 [5188:5208:0117/181727.122:ERROR:http_bridge.cc(126)] NOT IMPLEMENTED

Jan 21, 2019 17:25:55.06 NEW SESSION
Jan 21, 2019 17:25:55.06 [5048:5940:0121/172555.064:ERROR:http_bridge.cc(126)] NOT IMPLEMENTED

Feb 20, 2019 19:57:20.99 NEW SESSION
Feb 20, 2019 19:57:20.99 [1168:11052:0220/195720.987:ERROR:appcache_update_url_loader_request.cc(138)] NOT IMPLEMENTED
Feb 20, 2019 20:16:14.34 [1168:10576:0220/201614.339:ERROR:http_bridge.cc(126)] NOT IMPLEMENTED
Feb 20, 2019 20:16:16.66 [1168:11052:0220/201616.664:ERROR:browser_process_sub_thread.cc(209)] Waited 68 ms for network service

Feb 22, 2019 22:57:20.04 NEW SESSION
Feb 22, 2019 22:57:20.04 [3968:8148:0222/225719.862:ERROR:http_bridge.cc(126)] NOT IMPLEMENTED
Feb 22, 2019 22:57:23.06 [3968:5920:0222/225723.065:ERROR:browser_process_sub_thread.cc(209)] Waited 11 ms for network service
Feb 23, 2019 02:51:43.32 [4704:5148:0223/025143.301:ERROR:http_bridge.cc(126)] NOT IMPLEMENTED
Feb 23, 2019 02:56:25.22 [1124:5404:0223/025625.227:ERROR:shader_disk_cache.cc(257)] Failed to create shader cache entry: -2
Feb 23, 2019 03:07:22.24 [1124:5404:0223/030722.245:ERROR:appcache_update_url_loader_request.cc(138)] NOT IMPLEMENTED
Feb 23, 2019 03:12:03.79 [1124:5404:0223/031203.791:ERROR:shader_disk_cache.cc(257)] Failed to create shader cache entry: -2
Feb 23, 2019 03:19:07.07 [1124:4188:0223/031906.884:ERROR:platform_sensor_reader_win.cc(242)] NOT IMPLEMENTED
Feb 23, 2019 03:20:08.27 [1124:4188:0223/032008.275:ERROR:platform_sensor_reader_win.cc(242)] NOT IMPLEMENTED
Feb 23, 2019 03:36:16.25 [1124:4288:0223/033615.506:ERROR:http_bridge.cc(126)] NOT IMPLEMENTED
Feb 23, 2019 03:36:20.49 [1124:5404:0223/033620.496:ERROR:browser_process_sub_thread.cc(209)] Waited 54 ms for network service
Feb 23, 2019 04:49:38.39 [6508:8532:0223/044938.360:ERROR:http_bridge.cc(126)] NOT IMPLEMENTED
Feb 23, 2019 04:49:44.13 [6508:1648:0223/044944.137:ERROR:browser_process_sub_thread.cc(209)] Waited 271 ms for network service

Mar 02, 2019 12:44:58.57 NEW SESSION
Mar 02, 2019 12:44:58.57 [11124:968:0302/124458.571:ERROR:appcache_update_url_loader_request.cc(138)] NOT IMPLEMENTED
Mar 02, 2019 12:45:00.19 [11124:968:0302/124500.190:ERROR:appcache_update_url_loader_request.cc(138)] NOT IMPLEMENTED
Mar 02, 2019 12:45:00.34 [11124:968:0302/124500.348:ERROR:appcache_update_url_loader_request.cc(138)] NOT IMPLEMENTED
Mar 02, 2019 12:45:01.48 [11124:968:0302/124501.487:ERROR:appcache_update_url_loader_request.cc(138)] NOT IMPLEMENTED
Mar 02, 2019 12:45:01.67 [11124:968:0302/124501.673:ERROR:appcache_update_url_loader_request.cc(138)] NOT IMPLEMENTED
Mar 02, 2019 12:45:01.67 [11124:968:0302/124501.675:ERROR:appcache_update_url_loader_request.cc(138)] NOT IMPLEMENTED
Mar 02, 2019 12:45:02.71 [11124:968:0302/124502.714:ERROR:appcache_update_url_loader_request.cc(138)] NOT IMPLEMENTED
Mar 02, 2019 12:45:03.06 [11124:968:0302/124503.068:ERROR:appcache_update_url_loader_request.cc(138)] NOT IMPLEMENTED
Mar 02, 2019 12:45:04.02 [11124:968:0302/124504.026:ERROR:appcache_update_url_loader_request.cc(138)] NOT IMPLEMENTED
Mar 02, 2019 12:45:04.28 [11124:968:0302/124504.285:ERROR:appcache_update_url_loader_request.cc(138)] NOT IMPLEMENTED
Mar 02, 2019 12:45:04.28 [11124:968:0302/124504.286:ERROR:appcache_update_url_loader_request.cc(138)] NOT IMPLEMENTED
Mar 02, 2019 12:45:04.36 [11124:968:0302/124504.362:ERROR:appcache_update_url_loader_request.cc(138)] NOT IMPLEMENTED
Mar 02, 2019 12:45:08.81 [11124:968:0302/124508.813:ERROR:appcache_update_url_loader_request.cc(138)] NOT IMPLEMENTED
Mar 02, 2019 12:45:08.81 [11124:968:0302/124508.813:ERROR:appcache_update_url_loader_request.cc(138)] NOT IMPLEMENTED
Mar 02, 2019 12:45:09.13 [11124:968:0302/124509.134:ERROR:appcache_update_url_loader_request.cc(138)] NOT IMPLEMENTED
Mar 02, 2019 12:45:09.13 [11124:968:0302/124509.134:ERROR:appcache_update_url_loader_request.cc(138)] NOT IMPLEMENTED
Mar 02, 2019 12:45:09.18 [11124:968:0302/124509.183:ERROR:appcache_update_url_loader_request.cc(138)] NOT IMPLEMENTED
Mar 02, 2019 12:45:09.18 [11124:968:0302/124509.185:ERROR:appcache_update_url_loader_request.cc(138)] NOT IMPLEMENTED
Mar 02, 2019 12:45:09.18 [11124:968:0302/124509.185:ERROR:appcache_update_url_loader_request.cc(138)] NOT IMPLEMENTED
Mar 02, 2019 12:45:09.39 [11124:968:0302/124509.394:ERROR:appcache_update_url_loader_request.cc(138)] NOT IMPLEMENTED
Mar 02, 2019 12:45:09.46 [11124:968:0302/124509.465:ERROR:appcache_update_url_loader_request.cc(138)] NOT IMPLEMENTED
Mar 02, 2019 12:45:09.54 [11124:968:0302/124509.546:ERROR:appcache_update_url_loader_request.cc(138)] NOT IMPLEMENTED
Mar 02, 2019 12:45:09.54 [11124:968:0302/124509.546:ERROR:appcache_update_url_loader_request.cc(138)] NOT IMPLEMENTED
Mar 02, 2019 12:45:09.54 [11124:968:0302/124509.547:ERROR:appcache_update_url_loader_request.cc(138)] NOT IMPLEMENTED
Mar 02, 2019 12:45:10.32 [11124:968:0302/124510.328:ERROR:appcache_update_url_loader_request.cc(138)] NOT IMPLEMENTED
Mar 02, 2019 12:45:10.54 [11124:968:0302/124510.543:ERROR:appcache_update_url_loader_request.cc(138)] NOT IMPLEMENTED
Mar 02, 2019 12:45:10.66 [11124:968:0302/124510.659:ERROR:appcache_update_url_loader_request.cc(138)] NOT IMPLEMENTED
Mar 02, 2019 12:45:10.96 [11124:968:0302/124510.967:ERROR:appcache_update_url_loader_request.cc(138)] NOT IMPLEMENTED
Mar 02, 2019 12:45:12.45 [11124:968:0302/124512.459:ERROR:appcache_update_url_loader_request.cc(138)] NOT IMPLEMENTED
Mar 02, 2019 12:45:12.46 [11124:968:0302/124512.459:ERROR:appcache_update_url_loader_request.cc(138)] NOT IMPLEMENTED
Mar 02, 2019 12:45:12.46 [11124:968:0302/124512.464:ERROR:appcache_update_url_loader_request.cc(138)] NOT IMPLEMENTED
Mar 02, 2019 12:45:12.46 [11124:968:0302/124512.466:ERROR:appcache_update_url_loader_request.cc(138)] NOT IMPLEMENTED
Mar 02, 2019 12:45:12.46 [11124:968:0302/124512.467:ERROR:appcache_update_url_loader_request.cc(138)] NOT IMPLEMENTED
Mar 02, 2019 12:45:12.47 [11124:968:0302/124512.469:ERROR:appcache_update_url_loader_request.cc(138)] NOT IMPLEMENTED
Mar 02, 2019 12:45:12.47 [11124:968:0302/124512.472:ERROR:appcache_update_url_loader_request.cc(138)] NOT IMPLEMENTED
Mar 02, 2019 12:45:12.47 [11124:968:0302/124512.472:ERROR:appcache_update_url_loader_request.cc(138)] NOT IMPLEMENTED
Mar 02, 2019 12:45:12.51 [11124:968:0302/124512.516:ERROR:appcache_update_url_loader_request.cc(138)] NOT IMPLEMENTED
Mar 02, 2019 12:45:12.51 [11124:968:0302/124512.517:ERROR:appcache_update_url_loader_request.cc(138)] NOT IMPLEMENTED
Mar 02, 2019 12:45:12.51 [11124:968:0302/124512.519:ERROR:appcache_update_url_loader_request.cc(138)] NOT IMPLEMENTED
Mar 02, 2019 12:45:12.52 [11124:968:0302/124512.524:ERROR:appcache_update_url_loader_request.cc(138)] NOT IMPLEMENTED
Mar 02, 2019 12:45:12.52 [11124:968:0302/124512.525:ERROR:appcache_update_url_loader_request.cc(138)] NOT IMPLEMENTED
Mar 02, 2019 12:45:12.52 [11124:968:0302/124512.526:ERROR:appcache_update_url_loader_request.cc(138)] NOT IMPLEMENTED
Mar 02, 2019 12:45:12.53 [11124:968:0302/124512.530:ERROR:appcache_update_url_loader_request.cc(138)] NOT IMPLEMENTED
Mar 02, 2019 12:45:12.53 [11124:968:0302/124512.530:ERROR:appcache_update_url_loader_request.cc(138)] NOT IMPLEMENTED
Mar 02, 2019 12:45:13.18 [11124:968:0302/124513.183:ERROR:appcache_update_url_loader_request.cc(138)] NOT IMPLEMENTED
Mar 02, 2019 12:45:13.18 [11124:968:0302/124513.183:ERROR:appcache_update_url_loader_request.cc(138)] NOT IMPLEMENTED
Mar 02, 2019 12:45:13.19 [11124:968:0302/124513.195:ERROR:appcache_update_url_loader_request.cc(138)] NOT IMPLEMENTED
Mar 02, 2019 12:45:13.19 [11124:968:0302/124513.199:ERROR:appcache_update_url_loader_request.cc(138)] NOT IMPLEMENTED
Mar 02, 2019 12:45:13.20 [11124:968:0302/124513.200:ERROR:appcache_update_url_loader_request.cc(138)] NOT IMPLEMENTED
Mar 02, 2019 12:45:13.21 [11124:968:0302/124513.215:ERROR:appcache_update_url_loader_request.cc(138)] NOT IMPLEMENTED
Mar 02, 2019 12:45:13.21 [11124:968:0302/124513.217:ERROR:appcache_update_url_loader_request.cc(138)] NOT IMPLEMENTED
Mar 02, 2019 12:45:13.22 [11124:968:0302/124513.220:ERROR:appcache_update_url_loader_request.cc(138)] NOT IMPLEMENTED
Mar 02, 2019 12:45:13.22 [11124:968:0302/124513.220:ERROR:appcache_update_url_loader_request.cc(138)] NOT IMPLEMENTED
Mar 02, 2019 12:45:13.22 [11124:968:0302/124513.221:ERROR:appcache_update_url_loader_request.cc(138)] NOT IMPLEMENTED
Mar 02, 2019 12:45:13.22 [11124:968:0302/124513.221:ERROR:appcache_update_url_loader_request.cc(138)] NOT IMPLEMENTED
Mar 02, 2019 12:45:13.22 [11124:968:0302/124513.224:ERROR:appcache_update_url_loader_request.cc(138)] NOT IMPLEMENTED
Mar 02, 2019 12:45:13.22 [11124:968:0302/124513.226:ERROR:appcache_update_url_loader_request.cc(138)] NOT IMPLEMENTED
Mar 02, 2019 12:45:13.22 [11124:968:0302/124513.227:ERROR:appcache_update_url_loader_request.cc(138)] NOT IMPLEMENTED
Mar 02, 2019 12:45:13.23 [11124:968:0302/124513.232:ERROR:appcache_update_url_loader_request.cc(138)] NOT IMPLEMENTED
Mar 02, 2019 12:45:13.23 [11124:968:0302/124513.234:ERROR:appcache_update_url_loader_request.cc(138)] NOT IMPLEMENTED
Mar 02, 2019 12:45:13.25 [11124:968:0302/124513.252:ERROR:appcache_update_url_loader_request.cc(138)] NOT IMPLEMENTED
Mar 02, 2019 12:45:13.25 [11124:968:0302/124513.253:ERROR:appcache_update_url_loader_request.cc(138)] NOT IMPLEMENTED
Mar 02, 2019 12:45:13.25 [11124:968:0302/124513.255:ERROR:appcache_update_url_loader_request.cc(138)] NOT IMPLEMENTED
Mar 02, 2019 12:45:13.25 [11124:968:0302/124513.257:ERROR:appcache_update_url_loader_request.cc(138)] NOT IMPLEMENTED
Mar 02, 2019 12:45:13.27 [11124:968:0302/124513.277:ERROR:appcache_update_url_loader_request.cc(138)] NOT IMPLEMENTED
Mar 02, 2019 12:45:13.27 [11124:968:0302/124513.278:ERROR:appcache_update_url_loader_request.cc(138)] NOT IMPLEMENTED
Mar 02, 2019 12:45:13.28 [11124:968:0302/124513.281:ERROR:appcache_update_url_loader_request.cc(138)] NOT IMPLEMENTED
Mar 02, 2019 12:45:13.28 [11124:968:0302/124513.284:ERROR:appcache_update_url_loader_request.cc(138)] NOT IMPLEMENTED
Mar 02, 2019 12:45:13.28 [11124:968:0302/124513.284:ERROR:appcache_update_url_loader_request.cc(138)] NOT IMPLEMENTED
Mar 02, 2019 12:45:13.28 [11124:968:0302/124513.288:ERROR:appcache_update_url_loader_request.cc(138)] NOT IMPLEMENTED
Mar 02, 2019 12:45:13.29 [11124:968:0302/124513.290:ERROR:appcache_update_url_loader_request.cc(138)] NOT IMPLEMENTED
Mar 02, 2019 12:45:13.29 [11124:968:0302/124513.297:ERROR:appcache_update_url_loader_request.cc(138)] NOT IMPLEMENTED
Mar 02, 2019 12:45:13.29 [11124:968:0302/124513.298:ERROR:appcache_update_url_loader_request.cc(138)] NOT IMPLEMENTED
Mar 02, 2019 12:45:13.30 [11124:968:0302/124513.300:ERROR:appcache_update_url_loader_request.cc(138)] NOT IMPLEMENTED
Mar 02, 2019 12:45:13.30 [11124:968:0302/124513.307:ERROR:appcache_update_url_loader_request.cc(138)] NOT IMPLEMENTED
Mar 02, 2019 12:45:13.31 [11124:968:0302/124513.312:ERROR:appcache_update_url_loader_request.cc(138)] NOT IMPLEMENTED
Mar 02, 2019 12:45:13.31 [11124:968:0302/124513.313:ERROR:appcache_update_url_loader_request.cc(138)] NOT IMPLEMENTED
Mar 02, 2019 12:45:13.31 [11124:968:0302/124513.318:ERROR:appcache_update_url_loader_request.cc(138)] NOT IMPLEMENTED
Mar 02, 2019 12:45:13.31 [11124:968:0302/124513.319:ERROR:appcache_update_url_loader_request.cc(138)] NOT IMPLEMENTED
Mar 02, 2019 12:45:13.32 [11124:968:0302/124513.320:ERROR:appcache_update_url_loader_request.cc(138)] NOT IMPLEMENTED
Mar 02, 2019 12:45:13.33 [11124:968:0302/124513.330:ERROR:appcache_update_url_loader_request.cc(138)] NOT IMPLEMENTED
Mar 02, 2019 12:45:13.33 [11124:968:0302/124513.332:ERROR:appcache_update_url_loader_request.cc(138)] NOT IMPLEMENTED
Mar 02, 2019 12:45:13.33 [11124:968:0302/124513.333:ERROR:appcache_update_url_loader_request.cc(138)] NOT IMPLEMENTED
Mar 02, 2019 12:45:13.33 [11124:968:0302/124513.337:ERROR:appcache_update_url_loader_request.cc(138)] NOT IMPLEMENTED
Mar 02, 2019 12:45:13.33 [11124:968:0302/124513.338:ERROR:appcache_update_url_loader_request.cc(138)] NOT IMPLEMENTED
Mar 02, 2019 12:45:13.34 [11124:968:0302/124513.341:ERROR:appcache_update_url_loader_request.cc(138)] NOT IMPLEMENTED
Mar 02, 2019 12:45:13.34 [11124:968:0302/124513.348:ERROR:appcache_update_url_loader_request.cc(138)] NOT IMPLEMENTED
Mar 02, 2019 12:45:13.35 [11124:968:0302/124513.350:ERROR:appcache_update_url_loader_request.cc(138)] NOT IMPLEMENTED
Mar 02, 2019 12:45:13.35 [11124:968:0302/124513.351:ERROR:appcache_update_url_loader_request.cc(138)] NOT IMPLEMENTED
Mar 02, 2019 12:45:13.35 [11124:968:0302/124513.351:ERROR:appcache_update_url_loader_request.cc(138)] NOT IMPLEMENTED
Mar 02, 2019 12:45:13.35 [11124:968:0302/124513.353:ERROR:appcache_update_url_loader_request.cc(138)] NOT IMPLEMENTED
Mar 02, 2019 12:45:13.35 [11124:968:0302/124513.355:ERROR:appcache_update_url_loader_request.cc(138)] NOT IMPLEMENTED
Mar 02, 2019 12:45:13.35 [11124:968:0302/124513.356:ERROR:appcache_update_url_loader_request.cc(138)] NOT IMPLEMENTED
Mar 02, 2019 12:45:13.35 [11124:968:0302/124513.357:ERROR:appcache_update_url_loader_request.cc(138)] NOT IMPLEMENTED
Mar 02, 2019 12:45:13.36 [11124:968:0302/124513.360:ERROR:appcache_update_url_loader_request.cc(138)] NOT IMPLEMENTED
Mar 02, 2019 12:45:13.36 [11124:968:0302/124513.360:ERROR:appcache_update_url_loader_request.cc(138)] NOT IMPLEMENTED
Mar 02, 2019 12:45:13.39 [11124:968:0302/124513.393:ERROR:appcache_update_url_loader_request.cc(138)] NOT IMPLEMENTED
Mar 02, 2019 12:45:13.39 [11124:968:0302/124513.394:ERROR:appcache_update_url_loader_request.cc(138)] NOT IMPLEMENTED
Mar 02, 2019 12:45:13.39 [11124:968:0302/124513.395:ERROR:appcache_update_url_loader_request.cc(138)] NOT IMPLEMENTED
Mar 02, 2019 12:45:13.39 [11124:968:0302/124513.396:ERROR:appcache_update_url_loader_request.cc(138)] NOT IMPLEMENTED
Mar 02, 2019 12:45:13.40 [11124:968:0302/124513.400:ERROR:appcache_update_url_loader_request.cc(138)] NOT IMPLEMENTED
Mar 02, 2019 12:45:13.40 [11124:968:0302/124513.402:ERROR:appcache_update_url_loader_request.cc(138)] NOT IMPLEMENTED
Mar 02, 2019 12:45:13.40 [11124:968:0302/124513.402:ERROR:appcache_update_url_loader_request.cc(138)] NOT IMPLEMENTED
Mar 02, 2019 12:45:13.40 [11124:968:0302/124513.402:ERROR:appcache_update_url_loader_request.cc(138)] NOT IMPLEMENTED
Mar 02, 2019 12:45:13.40 [11124:968:0302/124513.404:ERROR:appcache_update_url_loader_request.cc(138)] NOT IMPLEMENTED
Mar 02, 2019 12:45:13.40 [11124:968:0302/124513.404:ERROR:appcache_update_url_loader_request.cc(138)] NOT IMPLEMENTED
Mar 02, 2019 12:45:13.40 [11124:968:0302/124513.405:ERROR:appcache_update_url_loader_request.cc(138)] NOT IMPLEMENTED
Mar 02, 2019 12:45:13.40 [11124:968:0302/124513.407:ERROR:appcache_update_url_loader_request.cc(138)] NOT IMPLEMENTED
Mar 02, 2019 12:45:13.40 [11124:968:0302/124513.407:ERROR:appcache_update_url_loader_request.cc(138)] NOT IMPLEMENTED
Mar 02, 2019 12:45:13.40 [11124:968:0302/124513.409:ERROR:appcache_update_url_loader_request.cc(138)] NOT IMPLEMENTED
Mar 02, 2019 12:45:13.41 [11124:968:0302/124513.410:ERROR:appcache_update_url_loader_request.cc(138)] NOT IMPLEMENTED
Mar 02, 2019 12:45:13.41 [11124:968:0302/124513.410:ERROR:appcache_update_url_loader_request.cc(138)] NOT IMPLEMENTED
Mar 02, 2019 12:45:13.41 [11124:968:0302/124513.411:ERROR:appcache_update_url_loader_request.cc(138)] NOT IMPLEMENTED
Mar 02, 2019 12:45:13.41 [11124:968:0302/124513.411:ERROR:appcache_update_url_loader_request.cc(138)] NOT IMPLEMENTED
Mar 02, 2019 12:45:13.41 [11124:968:0302/124513.413:ERROR:appcache_update_url_loader_request.cc(138)] NOT IMPLEMENTED
Mar 02, 2019 12:45:13.41 [11124:968:0302/124513.413:ERROR:appcache_update_url_loader_request.cc(138)] NOT IMPLEMENTED
Mar 02, 2019 12:45:13.41 [11124:968:0302/124513.414:ERROR:appcache_update_url_loader_request.cc(138)] NOT IMPLEMENTED
Mar 02, 2019 12:45:13.42 [11124:968:0302/124513.420:ERROR:appcache_update_url_loader_request.cc(138)] NOT IMPLEMENTED
Mar 02, 2019 12:45:13.42 [11124:968:0302/124513.421:ERROR:appcache_update_url_loader_request.cc(138)] NOT IMPLEMENTED
Mar 02, 2019 12:45:13.42 [11124:968:0302/124513.423:ERROR:appcache_update_url_loader_request.cc(138)] NOT IMPLEMENTED
Mar 02, 2019 12:45:13.52 [11124:968:0302/124513.523:ERROR:appcache_update_url_loader_request.cc(138)] NOT IMPLEMENTED
Mar 02, 2019 12:45:13.52 [11124:968:0302/124513.523:ERROR:appcache_update_url_loader_request.cc(138)] NOT IMPLEMENTED
Mar 02, 2019 12:45:13.52 [11124:968:0302/124513.525:ERROR:appcache_update_url_loader_request.cc(138)] NOT IMPLEMENTED
Mar 02, 2019 12:45:13.52 [11124:968:0302/124513.527:ERROR:appcache_update_url_loader_request.cc(138)] NOT IMPLEMENTED
Mar 02, 2019 12:45:13.53 [11124:968:0302/124513.535:ERROR:appcache_update_url_loader_request.cc(138)] NOT IMPLEMENTED
Mar 02, 2019 12:45:13.54 [11124:968:0302/124513.543:ERROR:appcache_update_url_loader_request.cc(138)] NOT IMPLEMENTED
Mar 02, 2019 12:45:13.55 [11124:968:0302/124513.550:ERROR:appcache_update_url_loader_request.cc(138)] NOT IMPLEMENTED
Mar 02, 2019 12:45:13.55 [11124:968:0302/124513.551:ERROR:appcache_update_url_loader_request.cc(138)] NOT IMPLEMENTED
Mar 02, 2019 12:45:14.61 [11124:968:0302/124514.614:ERROR:appcache_update_url_loader_request.cc(138)] NOT IMPLEMENTED
Mar 02, 2019 12:45:14.61 [11124:968:0302/124514.615:ERROR:appcache_update_url_loader_request.cc(138)] NOT IMPLEMENTED
Mar 02, 2019 12:45:14.61 [11124:968:0302/124514.616:ERROR:appcache_update_url_loader_request.cc(138)] NOT IMPLEMENTED
Mar 02, 2019 12:45:14.61 [11124:968:0302/124514.619:ERROR:appcache_update_url_loader_request.cc(138)] NOT IMPLEMENTED
Mar 02, 2019 12:45:14.62 [11124:968:0302/124514.620:ERROR:appcache_update_url_loader_request.cc(138)] NOT IMPLEMENTED
Mar 02, 2019 12:45:14.62 [11124:968:0302/124514.623:ERROR:appcache_update_url_loader_request.cc(138)] NOT IMPLEMENTED
Mar 02, 2019 12:45:14.62 [11124:968:0302/124514.625:ERROR:appcache_update_url_loader_request.cc(138)] NOT IMPLEMENTED
Mar 02, 2019 12:45:14.62 [11124:968:0302/124514.625:ERROR:appcache_update_url_loader_request.cc(138)] NOT IMPLEMENTED
Mar 02, 2019 12:45:14.62 [11124:968:0302/124514.627:ERROR:appcache_update_url_loader_request.cc(138)] NOT IMPLEMENTED
Mar 02, 2019 12:45:14.62 [11124:968:0302/124514.629:ERROR:appcache_update_url_loader_request.cc(138)] NOT IMPLEMENTED
Mar 02, 2019 12:45:14.98 [11124:968:0302/124514.630:ERROR:appcache_update_url_loader_request.cc(138)] NOT IMPLEMENTED
Mar 02, 2019 12:45:14.98 [11124:968:0302/124514.631:ERROR:appcache_update_url_loader_request.cc(138)] NOT IMPLEMENTED
Mar 02, 2019 12:45:14.98 [11124:968:0302/124514.632:ERROR:appcache_update_url_loader_request.cc(138)] NOT IMPLEMENTED
Mar 02, 2019 12:45:14.98 [11124:968:0302/124514.633:ERROR:appcache_update_url_loader_request.cc(138)] NOT IMPLEMENTED
Mar 02, 2019 12:45:14.98 [11124:968:0302/124514.634:ERROR:appcache_update_url_loader_request.cc(138)] NOT IMPLEMENTED
Mar 02, 2019 12:45:14.98 [11124:968:0302/124514.635:ERROR:appcache_update_url_loader_request.cc(138)] NOT IMPLEMENTED
Mar 02, 2019 12:45:14.98 [11124:968:0302/124514.651:ERROR:appcache_update_url_loader_request.cc(138)] NOT IMPLEMENTED
Mar 02, 2019 12:45:14.98 [11124:968:0302/124514.652:ERROR:appcache_update_url_loader_request.cc(138)] NOT IMPLEMENTED
Mar 02, 2019 12:45:14.98 [11124:968:0302/124514.654:ERROR:appcache_update_url_loader_request.cc(138)] NOT IMPLEMENTED
Mar 02, 2019 12:45:14.98 [11124:968:0302/124514.655:ERROR:appcache_update_url_loader_request.cc(138)] NOT IMPLEMENTED
Mar 02, 2019 12:45:14.98 [11124:968:0302/124514.657:ERROR:appcache_update_url_loader_request.cc(138)] NOT IMPLEMENTED
Mar 02, 2019 12:45:14.98 [11124:968:0302/124514.658:ERROR:appcache_update_url_loader_request.cc(138)] NOT IMPLEMENTED
Mar 02, 2019 12:45:14.98 [11124:968:0302/124514.659:ERROR:appcache_update_url_loader_request.cc(138)] NOT IMPLEMENTED
Mar 02, 2019 12:45:14.98 [11124:968:0302/124514.660:ERROR:appcache_update_url_loader_request.cc(138)] NOT IMPLEMENTED
Mar 02, 2019 12:45:14.98 [11124:968:0302/124514.679:ERROR:appcache_update_url_loader_request.cc(138)] NOT IMPLEMENTED
Mar 02, 2019 12:45:14.98 [11124:968:0302/124514.680:ERROR:appcache_update_url_loader_request.cc(138)] NOT IMPLEMENTED
Mar 02, 2019 12:45:14.98 [11124:968:0302/124514.681:ERROR:appcache_update_url_loader_request.cc(138)] NOT IMPLEMENTED
Mar 02, 2019 12:45:14.98 [11124:968:0302/124514.681:ERROR:appcache_update_url_loader_request.cc(138)] NOT IMPLEMENTED
Mar 02, 2019 12:45:14.98 [11124:968:0302/124514.682:ERROR:appcache_update_url_loader_request.cc(138)] NOT IMPLEMENTED
Mar 02, 2019 12:45:14.98 [11124:968:0302/124514.683:ERROR:appcache_update_url_loader_request.cc(138)] NOT IMPLEMENTED
Mar 02, 2019 12:45:14.98 [11124:968:0302/124514.684:ERROR:appcache_update_url_loader_request.cc(138)] NOT IMPLEMENTED
Mar 02, 2019 12:45:14.98 [11124:968:0302/124514.685:ERROR:appcache_update_url_loader_request.cc(138)] NOT IMPLEMENTED
Mar 02, 2019 12:45:14.98 [11124:968:0302/124514.686:ERROR:appcache_update_url_loader_request.cc(138)] NOT IMPLEMENTED
Mar 02, 2019 12:45:14.98 [11124:968:0302/124514.688:ERROR:appcache_update_url_loader_request.cc(138)] NOT IMPLEMENTED
Mar 02, 2019 12:45:14.98 [11124:968:0302/124514.691:ERROR:appcache_update_url_loader_request.cc(138)] NOT IMPLEMENTED
Mar 02, 2019 12:45:14.98 [11124:968:0302/124514.702:ERROR:appcache_update_url_loader_request.cc(138)] NOT IMPLEMENTED
Mar 02, 2019 12:45:14.98 [11124:968:0302/124514.703:ERROR:appcache_update_url_loader_request.cc(138)] NOT IMPLEMENTED
Mar 02, 2019 12:45:14.98 [11124:968:0302/124514.703:ERROR:appcache_update_url_loader_request.cc(138)] NOT IMPLEMENTED
Mar 02, 2019 12:45:14.98 [11124:968:0302/124514.704:ERROR:appcache_update_url_loader_request.cc(138)] NOT IMPLEMENTED
Mar 02, 2019 12:45:14.98 [11124:968:0302/124514.704:ERROR:appcache_update_url_loader_request.cc(138)] NOT IMPLEMENTED
Mar 02, 2019 12:45:14.98 [11124:968:0302/124514.708:ERROR:appcache_update_url_loader_request.cc(138)] NOT IMPLEMENTED
Mar 02, 2019 12:45:14.98 [11124:968:0302/124514.709:ERROR:appcache_update_url_loader_request.cc(138)] NOT IMPLEMENTED
Mar 02, 2019 12:45:14.98 [11124:968:0302/124514.712:ERROR:appcache_update_url_loader_request.cc(138)] NOT IMPLEMENTED
Mar 02, 2019 12:45:14.98 [11124:968:0302/124514.714:ERROR:appcache_update_url_loader_request.cc(138)] NOT IMPLEMENTED
Mar 02, 2019 12:45:14.98 [11124:968:0302/124514.739:ERROR:appcache_update_url_loader_request.cc(138)] NOT IMPLEMENTED
Mar 02, 2019 12:45:14.98 [11124:968:0302/124514.739:ERROR:appcache_update_url_loader_request.cc(138)] NOT IMPLEMENTED
Mar 02, 2019 12:45:14.98 [11124:968:0302/124514.741:ERROR:appcache_update_url_loader_request.cc(138)] NOT IMPLEMENTED
Mar 02, 2019 12:45:14.98 [11124:968:0302/124514.741:ERROR:appcache_update_url_loader_request.cc(138)] NOT IMPLEMENTED
Mar 02, 2019 12:45:14.98 [11124:968:0302/124514.742:ERROR:appcache_update_url_loader_request.cc(138)] NOT IMPLEMENTED
Mar 02, 2019 12:45:14.98 [11124:968:0302/124514.744:ERROR:appcache_update_url_loader_request.cc(138)] NOT IMPLEMENTED
Mar 02, 2019 12:45:14.98 [11124:968:0302/124514.746:ERROR:appcache_update_url_loader_request.cc(138)] NOT IMPLEMENTED
Mar 02, 2019 12:45:14.98 [11124:968:0302/124514.747:ERROR:appcache_update_url_loader_request.cc(138)] NOT IMPLEMENTED
Mar 02, 2019 12:45:14.98 [11124:968:0302/124514.748:ERROR:appcache_update_url_loader_request.cc(138)] NOT IMPLEMENTED
Mar 02, 2019 12:45:15.18 [11124:968:0302/124515.181:ERROR:appcache_update_url_loader_request.cc(138)] NOT IMPLEMENTED
Mar 02, 2019 12:45:15.18 [11124:968:0302/124515.182:ERROR:appcache_update_url_loader_request.cc(138)] NOT IMPLEMENTED
Mar 02, 2019 12:45:15.18 [11124:968:0302/124515.186:ERROR:appcache_update_url_loader_request.cc(138)] NOT IMPLEMENTED
Mar 02, 2019 12:45:15.18 [11124:968:0302/124515.188:ERROR:appcache_update_url_loader_request.cc(138)] NOT IMPLEMENTED
Mar 02, 2019 12:45:15.18 [11124:968:0302/124515.188:ERROR:appcache_update_url_loader_request.cc(138)] NOT IMPLEMENTED
Mar 02, 2019 12:45:15.19 [11124:968:0302/124515.190:ERROR:appcache_update_url_loader_request.cc(138)] NOT IMPLEMENTED
Mar 02, 2019 12:45:15.19 [11124:968:0302/124515.191:ERROR:appcache_update_url_loader_request.cc(138)] NOT IMPLEMENTED
Mar 02, 2019 12:45:15.19 [11124:968:0302/124515.191:ERROR:appcache_update_url_loader_request.cc(138)] NOT IMPLEMENTED
Mar 02, 2019 12:45:15.19 [11124:968:0302/124515.193:ERROR:appcache_update_url_loader_request.cc(138)] NOT IMPLEMENTED
Mar 02, 2019 12:45:15.19 [11124:968:0302/124515.194:ERROR:appcache_update_url_loader_request.cc(138)] NOT IMPLEMENTED
Mar 02, 2019 12:45:15.19 [11124:968:0302/124515.196:ERROR:appcache_update_url_loader_request.cc(138)] NOT IMPLEMENTED
Mar 02, 2019 12:45:15.19 [11124:968:0302/124515.197:ERROR:appcache_update_url_loader_request.cc(138)] NOT IMPLEMENTED
Mar 02, 2019 12:45:15.20 [11124:968:0302/124515.200:ERROR:appcache_update_url_loader_request.cc(138)] NOT IMPLEMENTED
Mar 02, 2019 12:45:15.20 [11124:968:0302/124515.203:ERROR:appcache_update_url_loader_request.cc(138)] NOT IMPLEMENTED
Mar 02, 2019 12:45:15.20 [11124:968:0302/124515.204:ERROR:appcache_update_url_loader_request.cc(138)] NOT IMPLEMENTED
Mar 02, 2019 12:45:15.20 [11124:968:0302/124515.209:ERROR:appcache_update_url_loader_request.cc(138)] NOT IMPLEMENTED
Mar 02, 2019 12:45:15.21 [11124:968:0302/124515.210:ERROR:appcache_update_url_loader_request.cc(138)] NOT IMPLEMENTED
Mar 02, 2019 12:45:15.21 [11124:968:0302/124515.212:ERROR:appcache_update_url_loader_request.cc(138)] NOT IMPLEMENTED
Mar 02, 2019 12:45:15.21 [11124:968:0302/124515.213:ERROR:appcache_update_url_loader_request.cc(138)] NOT IMPLEMENTED
Mar 02, 2019 12:45:15.21 [11124:968:0302/124515.217:ERROR:appcache_update_url_loader_request.cc(138)] NOT IMPLEMENTED
Mar 02, 2019 12:45:15.21 [11124:968:0302/124515.217:ERROR:appcache_update_url_loader_request.cc(138)] NOT IMPLEMENTED
Mar 02, 2019 12:45:15.21 [11124:968:0302/124515.218:ERROR:appcache_update_url_loader_request.cc(138)] NOT IMPLEMENTED
Mar 02, 2019 12:45:15.22 [11124:968:0302/124515.221:ERROR:appcache_update_url_loader_request.cc(138)] NOT IMPLEMENTED
Mar 02, 2019 12:45:15.22 [11124:968:0302/124515.222:ERROR:appcache_update_url_loader_request.cc(138)] NOT IMPLEMENTED
Mar 02, 2019 12:45:15.23 [11124:968:0302/124515.231:ERROR:appcache_update_url_loader_request.cc(138)] NOT IMPLEMENTED
Mar 02, 2019 12:45:15.23 [11124:968:0302/124515.232:ERROR:appcache_update_url_loader_request.cc(138)] NOT IMPLEMENTED
Mar 02, 2019 12:45:15.23 [11124:968:0302/124515.234:ERROR:appcache_update_url_loader_request.cc(138)] NOT IMPLEMENTED
Mar 02, 2019 12:45:15.23 [11124:968:0302/124515.235:ERROR:appcache_update_url_loader_request.cc(138)] NOT IMPLEMENTED
Mar 02, 2019 12:45:15.23 [11124:968:0302/124515.236:ERROR:appcache_update_url_loader_request.cc(138)] NOT IMPLEMENTED
Mar 02, 2019 12:45:15.23 [11124:968:0302/124515.239:ERROR:appcache_update_url_loader_request.cc(138)] NOT IMPLEMENTED
Mar 02, 2019 12:45:15.24 [11124:968:0302/124515.240:ERROR:appcache_update_url_loader_request.cc(138)] NOT IMPLEMENTED
Mar 02, 2019 12:45:15.24 [11124:968:0302/124515.244:ERROR:appcache_update_url_loader_request.cc(138)] NOT IMPLEMENTED
Mar 02, 2019 12:45:15.24 [11124:968:0302/124515.245:ERROR:appcache_update_url_loader_request.cc(138)] NOT IMPLEMENTED
Mar 02, 2019 12:45:15.24 [11124:968:0302/124515.246:ERROR:appcache_update_url_loader_request.cc(138)] NOT IMPLEMENTED
Mar 02, 2019 12:45:15.24 [11124:968:0302/124515.246:ERROR:appcache_update_url_loader_request.cc(138)] NOT IMPLEMENTED
Mar 02, 2019 12:45:15.24 [11124:968:0302/124515.247:ERROR:appcache_update_url_loader_request.cc(138)] NOT IMPLEMENTED
Mar 02, 2019 12:45:15.24 [11124:968:0302/124515.247:ERROR:appcache_update_url_loader_request.cc(138)] NOT IMPLEMENTED
Mar 02, 2019 12:45:15.24 [11124:968:0302/124515.248:ERROR:appcache_update_url_loader_request.cc(138)] NOT IMPLEMENTED
Mar 02, 2019 12:45:15.31 [11124:968:0302/124515.314:ERROR:appcache_update_url_loader_request.cc(138)] NOT IMPLEMENTED
Mar 02, 2019 12:45:15.31 [11124:968:0302/124515.314:ERROR:appcache_update_url_loader_request.cc(138)] NOT IMPLEMENTED
Mar 02, 2019 12:45:15.33 [11124:968:0302/124515.330:ERROR:appcache_update_url_loader_request.cc(138)] NOT IMPLEMENTED
Mar 02, 2019 12:45:15.33 [11124:968:0302/124515.330:ERROR:appcache_update_url_loader_request.cc(138)] NOT IMPLEMENTED
Mar 02, 2019 12:45:15.33 [11124:968:0302/124515.332:ERROR:appcache_update_url_loader_request.cc(138)] NOT IMPLEMENTED
Mar 02, 2019 12:45:15.33 [11124:968:0302/124515.333:ERROR:appcache_update_url_loader_request.cc(138)] NOT IMPLEMENTED
Mar 02, 2019 12:45:15.33 [11124:968:0302/124515.335:ERROR:appcache_update_url_loader_request.cc(138)] NOT IMPLEMENTED
Mar 02, 2019 12:45:15.33 [11124:968:0302/124515.335:ERROR:appcache_update_url_loader_request.cc(138)] NOT IMPLEMENTED
Mar 02, 2019 12:45:15.33 [11124:968:0302/124515.338:ERROR:appcache_update_url_loader_request.cc(138)] NOT IMPLEMENTED
Mar 02, 2019 12:45:15.36 [11124:968:0302/124515.359:ERROR:appcache_update_url_loader_request.cc(138)] NOT IMPLEMENTED
Mar 02, 2019 12:45:15.36 [11124:968:0302/124515.361:ERROR:appcache_update_url_loader_request.cc(138)] NOT IMPLEMENTED
Mar 02, 2019 12:45:15.36 [11124:968:0302/124515.362:ERROR:appcache_update_url_loader_request.cc(138)] NOT IMPLEMENTED
Mar 02, 2019 12:45:15.36 [11124:968:0302/124515.364:ERROR:appcache_update_url_loader_request.cc(138)] NOT IMPLEMENTED
Mar 02, 2019 12:45:15.37 [11124:968:0302/124515.370:ERROR:appcache_update_url_loader_request.cc(138)] NOT IMPLEMENTED
Mar 02, 2019 12:45:15.37 [11124:968:0302/124515.372:ERROR:appcache_update_url_loader_request.cc(138)] NOT IMPLEMENTED
Mar 02, 2019 12:45:15.38 [11124:968:0302/124515.381:ERROR:appcache_update_url_loader_request.cc(138)] NOT IMPLEMENTED
Mar 02, 2019 12:45:15.38 [11124:968:0302/124515.383:ERROR:appcache_update_url_loader_request.cc(138)] NOT IMPLEMENTED
Mar 02, 2019 12:45:15.38 [11124:968:0302/124515.386:ERROR:appcache_update_url_loader_request.cc(138)] NOT IMPLEMENTED
Mar 02, 2019 12:45:15.38 [11124:968:0302/124515.387:ERROR:appcache_update_url_loader_request.cc(138)] NOT IMPLEMENTED
Mar 02, 2019 12:45:15.38 [11124:968:0302/124515.389:ERROR:appcache_update_url_loader_request.cc(138)] NOT IMPLEMENTED
Mar 02, 2019 12:45:15.39 [11124:968:0302/124515.391:ERROR:appcache_update_url_loader_request.cc(138)] NOT IMPLEMENTED
Mar 02, 2019 12:45:15.39 [11124:968:0302/124515.396:ERROR:appcache_update_url_loader_request.cc(138)] NOT IMPLEMENTED
Mar 02, 2019 12:45:15.39 [11124:968:0302/124515.399:ERROR:appcache_update_url_loader_request.cc(138)] NOT IMPLEMENTED
Mar 02, 2019 12:45:15.39 [11124:968:0302/124515.399:ERROR:appcache_update_url_loader_request.cc(138)] NOT IMPLEMENTED
Mar 02, 2019 12:45:15.40 [11124:968:0302/124515.401:ERROR:appcache_update_url_loader_request.cc(138)] NOT IMPLEMENTED
Mar 02, 2019 12:45:15.41 [11124:968:0302/124515.411:ERROR:appcache_update_url_loader_request.cc(138)] NOT IMPLEMENTED
Mar 02, 2019 12:45:15.41 [11124:968:0302/124515.413:ERROR:appcache_update_url_loader_request.cc(138)] NOT IMPLEMENTED
Mar 02, 2019 12:45:15.42 [11124:968:0302/124515.422:ERROR:appcache_update_url_loader_request.cc(138)] NOT IMPLEMENTED
Mar 02, 2019 12:45:15.42 [11124:968:0302/124515.422:ERROR:appcache_update_url_loader_request.cc(138)] NOT IMPLEMENTED
Mar 02, 2019 12:45:15.42 [11124:968:0302/124515.423:ERROR:appcache_update_url_loader_request.cc(138)] NOT IMPLEMENTED
Mar 02, 2019 12:45:15.42 [11124:968:0302/124515.424:ERROR:appcache_update_url_loader_request.cc(138)] NOT IMPLEMENTED
Mar 02, 2019 12:45:15.43 [11124:968:0302/124515.433:ERROR:appcache_update_url_loader_request.cc(138)] NOT IMPLEMENTED
Mar 02, 2019 12:45:15.49 [11124:968:0302/124515.492:ERROR:appcache_update_url_loader_request.cc(138)] NOT IMPLEMENTED
Mar 02, 2019 12:45:15.51 [11124:968:0302/124515.510:ERROR:appcache_update_url_loader_request.cc(138)] NOT IMPLEMENTED
Mar 02, 2019 12:45:15.51 [11124:968:0302/124515.513:ERROR:appcache_update_url_loader_request.cc(138)] NOT IMPLEMENTED
Mar 02, 2019 12:45:15.51 [11124:968:0302/124515.514:ERROR:appcache_update_url_loader_request.cc(138)] NOT IMPLEMENTED
Mar 02, 2019 12:45:15.52 [11124:968:0302/124515.522:ERROR:appcache_update_url_loader_request.cc(138)] NOT IMPLEMENTED
Mar 02, 2019 12:45:15.52 [11124:968:0302/124515.527:ERROR:appcache_update_url_loader_request.cc(138)] NOT IMPLEMENTED
Mar 02, 2019 12:45:15.52 [11124:968:0302/124515.527:ERROR:appcache_update_url_loader_request.cc(138)] NOT IMPLEMENTED
Mar 02, 2019 12:45:15.52 [11124:968:0302/124515.528:ERROR:appcache_update_url_loader_request.cc(138)] NOT IMPLEMENTED
Mar 02, 2019 12:45:15.53 [11124:968:0302/124515.531:ERROR:appcache_update_url_loader_request.cc(138)] NOT IMPLEMENTED
Mar 02, 2019 12:45:15.53 [11124:968:0302/124515.532:ERROR:appcache_update_url_loader_request.cc(138)] NOT IMPLEMENTED
Mar 02, 2019 12:45:15.66 [11124:968:0302/124515.662:ERROR:appcache_update_url_loader_request.cc(138)] NOT IMPLEMENTED
Mar 02, 2019 12:45:16.12 [11124:968:0302/124516.126:ERROR:appcache_update_url_loader_request.cc(138)] NOT IMPLEMENTED
Mar 02, 2019 12:45:16.12 [11124:968:0302/124516.127:ERROR:appcache_update_url_loader_request.cc(138)] NOT IMPLEMENTED
Mar 02, 2019 12:47:08.41 [11124:6432:0302/124708.417:ERROR:http_bridge.cc(126)] NOT IMPLEMENTED
Mar 02, 2019 12:57:47.03 [3008:11960:0302/125747.031:ERROR:http_bridge.cc(126)] NOT IMPLEMENTED
Mar 02, 2019 12:57:48.66 [3008:11836:0302/125748.667:ERROR:browser_process_sub_thread.cc(209)] Waited 1015 ms for network service

Mar 28, 2019 18:24:13.99 NEW SESSION
Mar 28, 2019 18:24:13.99 [7952:8064:0328/182413.988:ERROR:textfield.cc(1768)] NOT IMPLEMENTED
